2024-09-08T08:29:56.225Z - SUCCESS: Employee created successfully - ID: 1 - {"id":1,"name":"John Doe","position":"Waiter"}
2024-09-08T08:30:42.770Z - SUCCESS: undefined - ID: 1 - {"id":1,"name":"John Doe","position":"Waiter"}
2024-09-08T08:43:56.380Z - SUCCESS: Employee created successfully - ID: 1 - {"name":"John Doe","position":"Waiter","id":1}
2024-09-08T08:47:06.322Z - SUCCESS: Employee created successfully - ID: 1 - {"name":"John Doe","position":"Waiter","id":1}
2024-09-08T08:50:08.368Z - SUCCESS: Employee created successfully - ID: 1 - {"name":"John Doe","position":"Waiter","id":1}
2024-09-08T08:51:00.316Z - SUCCESS: Employee created successfully - ID: 1 - {"name":"John Doe","position":"Waiter","id":1}
2024-09-08T08:51:02.646Z - SUCCESS: Employee updated successfully - ID: 1 - {"name":"John Doe","position":"Waiter 2","id":1}
2024-09-08T08:51:11.615Z - SUCCESS: Employee deleted successfully - ID: 1 - {}
2024-09-08T08:53:59.408Z - SUCCESS: Employee created successfully - ID: 1 - {"name":"John Doe","position":"Waiter","id":1}
2024-09-08T08:54:02.317Z - SUCCESS: Employee deleted successfully - ID: 1 - {}
2024-09-08T08:54:25.765Z - SUCCESS: Employee created successfully - ID: 1 - {"name":"John Doe","position":"Waiter","id":1}
2024-09-08T08:54:30.356Z - SUCCESS: Employee deleted successfully - ID: 1 - {}
2024-09-08T08:56:05.391Z - SUCCESS: Employees created successfully - IDs: 2, 3 - {"data":[{"name":"Joe Doe","position":"Waiter","id":2},{"name":"Joe Doe 2","position":"Waiter 2","id":3}],"failed":[]}
2024-09-08T08:56:18.281Z - SUCCESS: Employees created successfully - IDs: 4, 5 - {"data":[{"name":"Joe Doe","position":"Waiter","id":4},{"name":"Joe Doe 2","position":"Waiter 2","id":5}],"failed":[]}
2024-09-08T08:57:59.507Z - SUCCESS: Employees created successfully - IDs: 6, 7 - {"data":[{"name":"Joe Doe","position":"Waiter","id":6},{"name":"Joe Doe 2","position":"Waiter 2","id":7}],"failed":[]}
2024-09-08T09:19:09.831Z - SUCCESS: Employees created successfully - IDs: 1, 2 - {"data":[{"name":"Joe Doe","position":"Waiter","id":1},{"name":"Joe Doe 2","position":"Waiter 2","id":2}],"failed":[]}
2024-09-08T09:20:06.209Z - SUCCESS: Employees created successfully - IDs: 1, 2 - {"data":[{"name":"Joe Doe","position":"Waiter","id":1},{"name":"Joe Doe 2","position":"Waiter 2","id":2}],"failed":[]}
2024-09-08T09:20:53.700Z - SUCCESS: Employees created successfully - IDs: 1, 2 - {"data":[{"name":"Joe Doe","position":"Waiter","id":1},{"name":"Joe Doe 2","position":"Waiter 2","id":2}],"failed":[]}
2024-09-08T09:28:00.903Z - SUCCESS: Employees created successfully - IDs: 1, 2 - {"data":[{"name":"Joe Doe","position":"Waiter","id":1},{"name":"Joe Doe 2","position":"Waiter 2","id":2}],"failed":[]}
2024-09-08T09:30:52.034Z - SUCCESS: Employees created successfully - IDs: 1, 2 - {"data":[{"name":"Joe Doe","position":"Waiter","id":1},{"name":"Joe Doe 2","position":"Waiter 2","id":2}],"failed":[]}
2024-09-08T09:33:32.132Z - SUCCESS: Employees created successfully - IDs: 1, 2 - {"data":[{"name":"Joe Doe","position":"Waiter","id":1},{"name":"Joe Doe 2","position":"Waiter 2","id":2}],"failed":[]}
2024-09-08T09:33:37.943Z - SUCCESS: Employees updated successfully - IDs: 1 - Failed IDs: 7 - {"data":[{"name":"Joe Doe","position":"Waiter 4","id":1}],"failed":[{"id":7,"name":"Waiter 9","error":"Employee not found"}]}
2024-09-08T09:51:06.407Z - SUCCESS: Employee created successfully - ID: 1 - {"name":"John Doe","position":"Waiter","id":1}
2024-09-08T09:51:07.303Z - SUCCESS: Employee created successfully - ID: 2 - {"name":"John Doe","position":"Waiter","id":2}
2024-09-08T09:51:07.797Z - SUCCESS: Employee created successfully - ID: 3 - {"name":"John Doe","position":"Waiter","id":3}
2024-09-08T09:51:08.839Z - SUCCESS: Employee created successfully - ID: 4 - {"name":"John Doe","position":"Waiter","id":4}
2024-09-08T09:51:09.356Z - SUCCESS: Employee created successfully - ID: 5 - {"name":"John Doe","position":"Waiter","id":5}
2024-09-08T09:51:09.816Z - SUCCESS: Employee created successfully - ID: 6 - {"name":"John Doe","position":"Waiter","id":6}
2024-09-08T09:51:50.778Z - SUCCESS: Employee created successfully - ID: 1 - {"name":"John Doe","position":"Waiter","id":1}
2024-09-08T09:52:23.631Z - SUCCESS: Employee created successfully - ID: 1 - {"name":"John Doe","position":"Waiter","id":1}
2024-09-08T09:52:46.063Z - SUCCESS: Employee created successfully - ID: 1 - {"name":"John Doe","position":"Waiter","id":1}
2024-09-08T09:53:14.569Z - SUCCESS: Employee created successfully - ID: 1 - {"name":"John Doe","position":"Waiter","id":1}
2024-09-08T09:55:06.329Z - SUCCESS: Employee created successfully - ID: 1 - {"name":"John Doe","position":"Waiter","id":1}
2024-09-08T11:32:59.699Z - SUCCESS: Employee created successfully - ID: 1 - {"name":"John Doe","position":"Waiter","id":1}
2024-09-08T11:33:04.272Z - SUCCESS: Employee deleted successfully - ID: 1 - {}
2024-09-08T11:33:07.249Z - SUCCESS: Employee created successfully - ID: 2 - {"name":"John Doe","position":"Waiter","id":2}
